2024-12-09 13:18:30 INFO     Saving logs in: ./logs/Poisson/12_09/MLP_13_18_30
2024-12-09 13:18:30 INFO     Loading Poisson dataset
2024-12-09 13:19:35 INFO     Loading data costs  64.75s
2024-12-09 13:19:35 INFO     Building models
2024-12-09 13:19:35 INFO     Model: MLP(
  (processor): Sequential(
    (0): Linear(in_features=3, out_features=128, bias=True)
    (1): ReLU()
    (2): BatchNorm1d(128, eps=1e-05, momentum=0.1, affine=True, track_running_stats=True)
    (3): Linear(in_features=128, out_features=128, bias=True)
    (4): ReLU()
    (5): BatchNorm1d(128, eps=1e-05, momentum=0.1, affine=True, track_running_stats=True)
    (6): Linear(in_features=128, out_features=128, bias=True)
    (7): ReLU()
    (8): BatchNorm1d(128, eps=1e-05, momentum=0.1, affine=True, track_running_stats=True)
    (9): Linear(in_features=128, out_features=128, bias=True)
    (10): ReLU()
    (11): BatchNorm1d(128, eps=1e-05, momentum=0.1, affine=True, track_running_stats=True)
    (12): Linear(in_features=128, out_features=128, bias=True)
    (13): ReLU()
    (14): Linear(in_features=128, out_features=1, bias=True)
  )
)
2024-12-09 13:19:35 INFO     Criterion: <utils.loss.LpLoss object at 0x7f94d02ceb30>
2024-12-09 13:19:35 INFO     Optimizer: AdamW (
Parameter Group 0
    amsgrad: False
    betas: (0.9, 0.999)
    capturable: False
    differentiable: False
    eps: 1e-08
    foreach: None
    fused: None
    initial_lr: 0.001
    lr: 0.001
    maximize: False
    weight_decay: 0.0001
)
2024-12-09 13:19:35 INFO     Scheduler: <torch.optim.lr_scheduler.StepLR object at 0x7f94d02cead0>
2024-12-09 13:19:35 INFO     Building models costs  0.00s
2024-12-09 13:19:35 INFO     Start training
2024-12-09 13:19:35 INFO     Train dataset size: 4000
2024-12-09 13:19:35 INFO     Valid dataset size: 500
2024-12-09 13:19:35 INFO     Test dataset size: 500
2024-12-09 13:19:39 INFO     Epoch 0 | train_loss: 0.62884744 | Time: 4.44s | lr: 0.0010
2024-12-09 13:19:39 INFO     Epoch 0 | valid_loss: 0.77718210 | Time: 0.17s
2024-12-09 13:19:39 INFO     Epoch 0 | save best models in ./logs/Poisson/12_09/MLP_13_18_30
2024-12-09 13:19:43 INFO     Epoch 1 | train_loss: 0.56779266 | Time: 3.76s | lr: 0.0010
2024-12-09 13:19:43 INFO     Epoch 1 | valid_loss: 0.72904950 | Time: 0.17s
2024-12-09 13:19:43 INFO     Epoch 1 | save best models in ./logs/Poisson/12_09/MLP_13_18_30
2024-12-09 13:19:47 INFO     Epoch 2 | train_loss: 0.56498321 | Time: 3.68s | lr: 0.0010
2024-12-09 13:19:47 INFO     Epoch 2 | valid_loss: 0.58622250 | Time: 0.18s
2024-12-09 13:19:47 INFO     Epoch 2 | save best models in ./logs/Poisson/12_09/MLP_13_18_30
2024-12-09 13:19:51 INFO     Epoch 3 | train_loss: 0.56388886 | Time: 3.78s | lr: 0.0010
2024-12-09 13:19:51 INFO     Epoch 3 | valid_loss: 0.59476472 | Time: 0.19s
2024-12-09 13:19:55 INFO     Epoch 4 | train_loss: 0.56016480 | Time: 3.77s | lr: 0.0010
2024-12-09 13:19:55 INFO     Epoch 4 | valid_loss: 0.56701630 | Time: 0.17s
2024-12-09 13:19:55 INFO     Epoch 4 | save best models in ./logs/Poisson/12_09/MLP_13_18_30
2024-12-09 13:19:59 INFO     Epoch 5 | train_loss: 0.55438343 | Time: 3.75s | lr: 0.0010
2024-12-09 13:19:59 INFO     Epoch 5 | valid_loss: 0.55506827 | Time: 0.18s
2024-12-09 13:19:59 INFO     Epoch 5 | save best models in ./logs/Poisson/12_09/MLP_13_18_30
2024-12-09 13:20:03 INFO     Epoch 6 | train_loss: 0.55108796 | Time: 3.74s | lr: 0.0010
2024-12-09 13:20:03 INFO     Epoch 6 | valid_loss: 0.56645248 | Time: 0.17s
2024-12-09 13:20:07 INFO     Epoch 7 | train_loss: 0.55389800 | Time: 3.70s | lr: 0.0010
2024-12-09 13:20:07 INFO     Epoch 7 | valid_loss: 0.56287586 | Time: 0.17s
2024-12-09 13:20:11 INFO     Epoch 8 | train_loss: 0.54609095 | Time: 3.69s | lr: 0.0010
2024-12-09 13:20:11 INFO     Epoch 8 | valid_loss: 0.55609713 | Time: 0.19s
2024-12-09 13:20:14 INFO     Epoch 9 | train_loss: 0.54526448 | Time: 3.71s | lr: 0.0010
2024-12-09 13:20:15 INFO     Epoch 9 | valid_loss: 0.56682353 | Time: 0.18s
2024-12-09 13:20:18 INFO     Epoch 10 | train_loss: 0.54591923 | Time: 3.69s | lr: 0.0010
2024-12-09 13:20:19 INFO     Epoch 10 | valid_loss: 0.54843941 | Time: 0.17s
2024-12-09 13:20:19 INFO     Epoch 10 | save best models in ./logs/Poisson/12_09/MLP_13_18_30
2024-12-09 13:20:22 INFO     Epoch 11 | train_loss: 0.54441736 | Time: 3.72s | lr: 0.0010
2024-12-09 13:20:23 INFO     Epoch 11 | valid_loss: 0.54811586 | Time: 0.17s
2024-12-09 13:20:23 INFO     Epoch 11 | save best models in ./logs/Poisson/12_09/MLP_13_18_30
2024-12-09 13:20:26 INFO     Epoch 12 | train_loss: 0.54452451 | Time: 3.68s | lr: 0.0010
2024-12-09 13:20:26 INFO     Epoch 12 | valid_loss: 0.55346370 | Time: 0.17s
2024-12-09 13:20:30 INFO     Epoch 13 | train_loss: 0.54290688 | Time: 3.71s | lr: 0.0010
2024-12-09 13:20:30 INFO     Epoch 13 | valid_loss: 0.55498058 | Time: 0.19s
2024-12-09 13:20:34 INFO     Epoch 14 | train_loss: 0.53601624 | Time: 3.75s | lr: 0.0010
2024-12-09 13:20:34 INFO     Epoch 14 | valid_loss: 0.54306746 | Time: 0.17s
2024-12-09 13:20:34 INFO     Epoch 14 | save best models in ./logs/Poisson/12_09/MLP_13_18_30
2024-12-09 13:20:38 INFO     Epoch 15 | train_loss: 0.53591926 | Time: 3.67s | lr: 0.0010
2024-12-09 13:20:38 INFO     Epoch 15 | valid_loss: 0.56625671 | Time: 0.18s
2024-12-09 13:20:42 INFO     Epoch 16 | train_loss: 0.53373886 | Time: 3.70s | lr: 0.0010
2024-12-09 13:20:42 INFO     Epoch 16 | valid_loss: 0.53733596 | Time: 0.17s
2024-12-09 13:20:42 INFO     Epoch 16 | save best models in ./logs/Poisson/12_09/MLP_13_18_30
2024-12-09 13:20:46 INFO     Epoch 17 | train_loss: 0.53135820 | Time: 3.70s | lr: 0.0010
2024-12-09 13:20:46 INFO     Epoch 17 | valid_loss: 0.58395381 | Time: 0.18s
2024-12-09 13:20:50 INFO     Epoch 18 | train_loss: 0.53051137 | Time: 3.74s | lr: 0.0010
2024-12-09 13:20:50 INFO     Epoch 18 | valid_loss: 0.54144139 | Time: 0.18s
2024-12-09 13:20:53 INFO     Epoch 19 | train_loss: 0.52624668 | Time: 3.70s | lr: 0.0010
2024-12-09 13:20:54 INFO     Epoch 19 | valid_loss: 0.53772222 | Time: 0.17s
2024-12-09 13:20:57 INFO     Epoch 20 | train_loss: 0.52346027 | Time: 3.76s | lr: 0.0010
2024-12-09 13:20:58 INFO     Epoch 20 | valid_loss: 0.53819811 | Time: 0.18s
2024-12-09 13:21:01 INFO     Epoch 21 | train_loss: 0.52400770 | Time: 3.74s | lr: 0.0010
2024-12-09 13:21:01 INFO     Epoch 21 | valid_loss: 0.62599892 | Time: 0.17s
2024-12-09 13:21:05 INFO     Epoch 22 | train_loss: 0.53393744 | Time: 3.74s | lr: 0.0010
2024-12-09 13:21:05 INFO     Epoch 22 | valid_loss: 0.55935671 | Time: 0.18s
2024-12-09 13:21:09 INFO     Epoch 23 | train_loss: 0.52761795 | Time: 3.68s | lr: 0.0010
2024-12-09 13:21:09 INFO     Epoch 23 | valid_loss: 0.53942307 | Time: 0.18s
2024-12-09 13:21:13 INFO     Epoch 24 | train_loss: 0.52325206 | Time: 3.70s | lr: 0.0010
2024-12-09 13:21:13 INFO     Epoch 24 | valid_loss: 0.53711658 | Time: 0.17s
2024-12-09 13:21:13 INFO     Epoch 24 | save best models in ./logs/Poisson/12_09/MLP_13_18_30
2024-12-09 13:21:17 INFO     Epoch 25 | train_loss: 0.52424943 | Time: 3.68s | lr: 0.0010
2024-12-09 13:21:17 INFO     Epoch 25 | valid_loss: 0.53673188 | Time: 0.19s
2024-12-09 13:21:17 INFO     Epoch 25 | save best models in ./logs/Poisson/12_09/MLP_13_18_30
2024-12-09 13:21:21 INFO     Epoch 26 | train_loss: 0.51877410 | Time: 3.70s | lr: 0.0010
2024-12-09 13:21:21 INFO     Epoch 26 | valid_loss: 0.56184612 | Time: 0.18s
2024-12-09 13:21:25 INFO     Epoch 27 | train_loss: 0.52172008 | Time: 3.72s | lr: 0.0010
2024-12-09 13:21:25 INFO     Epoch 27 | valid_loss: 0.54260645 | Time: 0.17s
2024-12-09 13:21:29 INFO     Epoch 28 | train_loss: 0.51891329 | Time: 3.75s | lr: 0.0010
2024-12-09 13:21:29 INFO     Epoch 28 | valid_loss: 0.52909432 | Time: 0.18s
2024-12-09 13:21:29 INFO     Epoch 28 | save best models in ./logs/Poisson/12_09/MLP_13_18_30
2024-12-09 13:21:32 INFO     Epoch 29 | train_loss: 0.51943804 | Time: 3.74s | lr: 0.0010
2024-12-09 13:21:33 INFO     Epoch 29 | valid_loss: 0.55320854 | Time: 0.19s
2024-12-09 13:21:36 INFO     Epoch 30 | train_loss: 0.51928355 | Time: 3.75s | lr: 0.0010
2024-12-09 13:21:37 INFO     Epoch 30 | valid_loss: 0.54012638 | Time: 0.17s
2024-12-09 13:21:40 INFO     Epoch 31 | train_loss: 0.51550325 | Time: 3.73s | lr: 0.0010
2024-12-09 13:21:41 INFO     Epoch 31 | valid_loss: 0.55034382 | Time: 0.18s
2024-12-09 13:21:44 INFO     Epoch 32 | train_loss: 0.52083216 | Time: 3.69s | lr: 0.0010
2024-12-09 13:21:44 INFO     Epoch 32 | valid_loss: 0.54792032 | Time: 0.19s
2024-12-09 13:21:48 INFO     Epoch 33 | train_loss: 0.51830741 | Time: 3.68s | lr: 0.0010
2024-12-09 13:21:48 INFO     Epoch 33 | valid_loss: 0.53404317 | Time: 0.18s
2024-12-09 13:21:52 INFO     Epoch 34 | train_loss: 0.51649914 | Time: 3.71s | lr: 0.0010
2024-12-09 13:21:52 INFO     Epoch 34 | valid_loss: 0.55135931 | Time: 0.18s
2024-12-09 13:21:56 INFO     Epoch 35 | train_loss: 0.51864722 | Time: 3.68s | lr: 0.0010
2024-12-09 13:21:56 INFO     Epoch 35 | valid_loss: 0.54908856 | Time: 0.19s
2024-12-09 13:22:00 INFO     Epoch 36 | train_loss: 0.51943299 | Time: 3.75s | lr: 0.0010
2024-12-09 13:22:00 INFO     Epoch 36 | valid_loss: 0.54713876 | Time: 0.18s
2024-12-09 13:22:04 INFO     Epoch 37 | train_loss: 0.51560753 | Time: 3.68s | lr: 0.0010
2024-12-09 13:22:04 INFO     Epoch 37 | valid_loss: 0.57177200 | Time: 0.18s
2024-12-09 13:22:08 INFO     Epoch 38 | train_loss: 0.51386137 | Time: 3.71s | lr: 0.0010
2024-12-09 13:22:08 INFO     Epoch 38 | valid_loss: 0.52468938 | Time: 0.17s
2024-12-09 13:22:08 INFO     Epoch 38 | save best models in ./logs/Poisson/12_09/MLP_13_18_30
2024-12-09 13:22:11 INFO     Epoch 39 | train_loss: 0.51227283 | Time: 3.72s | lr: 0.0010
2024-12-09 13:22:12 INFO     Epoch 39 | valid_loss: 0.53752043 | Time: 0.18s
2024-12-09 13:22:15 INFO     Epoch 40 | train_loss: 0.51177437 | Time: 3.73s | lr: 0.0010
2024-12-09 13:22:16 INFO     Epoch 40 | valid_loss: 0.52537669 | Time: 0.17s
2024-12-09 13:22:19 INFO     Epoch 41 | train_loss: 0.51174746 | Time: 3.71s | lr: 0.0010
2024-12-09 13:22:19 INFO     Epoch 41 | valid_loss: 0.52686934 | Time: 0.18s
2024-12-09 13:22:23 INFO     Epoch 42 | train_loss: 0.50815765 | Time: 3.71s | lr: 0.0010
2024-12-09 13:22:23 INFO     Epoch 42 | valid_loss: 0.53290067 | Time: 0.17s
2024-12-09 13:22:27 INFO     Epoch 43 | train_loss: 0.51078182 | Time: 3.69s | lr: 0.0010
2024-12-09 13:22:27 INFO     Epoch 43 | valid_loss: 0.52319080 | Time: 0.17s
2024-12-09 13:22:27 INFO     Epoch 43 | save best models in ./logs/Poisson/12_09/MLP_13_18_30
2024-12-09 13:22:31 INFO     Epoch 44 | train_loss: 0.51426465 | Time: 3.72s | lr: 0.0010
2024-12-09 13:22:31 INFO     Epoch 44 | valid_loss: 0.51791296 | Time: 0.18s
2024-12-09 13:22:31 INFO     Epoch 44 | save best models in ./logs/Poisson/12_09/MLP_13_18_30
